<?xml version="1.0" encoding="UTF-8"?>
<testng-results skipped="0" failed="0" ignored="0" total="1" passed="1">
  <reporter-output>
  </reporter-output>
  <suite name="Main Test Suite" duration-ms="10817" started-at="2017-08-28T04:42:39Z" finished-at="2017-08-28T04:42:49Z">
    <groups>
    </groups>
    <test name="TestNG Test Group" duration-ms="10817" started-at="2017-08-28T04:42:39Z" finished-at="2017-08-28T04:42:49Z">
      <class name="testCases.MercuryTourTest_TestNG">
        <test-method status="PASS" signature="beforeMethod()[pri:0, instance:testCases.MercuryTourTest_TestNG@68be2bc2]" name="beforeMethod" is-config="true" duration-ms="580" started-at="2017-08-28T14:42:39Z" finished-at="2017-08-28T14:42:39Z">
          <reporter-output>
          </reporter-output>
        </test-method> <!-- beforeMethod -->
        <test-method status="PASS" signature="main()[pri:0, instance:testCases.MercuryTourTest_TestNG@68be2bc2]" name="main" duration-ms="10196" started-at="2017-08-28T14:42:39Z" finished-at="2017-08-28T14:42:49Z">
          <reporter-output>
          </reporter-output>
        </test-method> <!-- main -->
        <test-method status="PASS" signature="tearDown()[pri:0, instance:testCases.MercuryTourTest_TestNG@68be2bc2]" name="tearDown" is-config="true" duration-ms="28" started-at="2017-08-28T14:42:49Z" finished-at="2017-08-28T14:42:49Z">
          <reporter-output>
          </reporter-output>
        </test-method> <!-- tearDown -->
      </class> <!-- testCases.MercuryTourTest_TestNG -->
    </test> <!-- TestNG Test Group -->
  </suite> <!-- Main Test Suite -->
</testng-results>
